

Microchip Technology PIC LITE Macro Assembler V2.00 build -1524193055 
                                                                                               Thu Mar 12 08:43:49 2020

Microchip Technology Omniscient Code Generator v2.00 (Free mode) build 20180527130849
     1  0000                     
      + 0000                     
     2                           ; Version 2.00
     3                           ; Generated 27/05/2018 GMT
     4                           
     5                           ; 
     6                           ; Copyright © 2018, Microchip Technology Inc. and its subsidiaries ("Microchip")
     7                           ; All rights reserved.
     8                           ; 
     9                           ; This software is developed by Microchip Technology Inc. and its subsidiaries ("Microch
                                 ip").
    10                           ; 
    11                           ; Redistribution and use in source and binary forms, with or without modification, are
    12                           ; permitted provided that the following conditions are met:
    13                           ; 
    14                           ;     1. Redistributions of source code must retain the above copyright notice, this lis
                                 t of
    15                           ;        conditions and the following disclaimer.
    16                           ; 
    17                           ;     2. Redistributions in binary form must reproduce the above copyright notice, this 
                                 list
    18                           ;        of conditions and the following disclaimer in the documentation and/or other
    19                           ;        materials provided with the distribution.
    20                           ; 
    21                           ;     3. Microchip's name may not be used to endorse or promote products derived from th
                                 is
    22                           ;        software without specific prior written permission.
    23                           ; 
    24                           ; THIS SOFTWARE IS PROVIDED BY MICROCHIP "AS IS" AND ANY EXPRESS OR IMPLIED WARRANTIES,

    25                           ; INCLUDING, BUT NOT LIMITED TO, THE IMPLIED WARRANTIES OF MERCHANTABILITY AND FITNESS F
                                 OR
    26                           ; PURPOSE ARE DISCLAIMED.  IN NO EVENT SHALL MICROCHIP BE LIABLE FOR ANY DIRECT, INDIREC
                                 T,
    27                           ; INCIDENTAL, SPECIAL, EXEMPLARY, OR CONSEQUENTIAL DAMAGES (INCLUDING BUT NOT LIMITED TO
                                 
    28                           ; PROCUREMENT OF SUBSTITUTE GOODS OR SERVICES; LOSS OF USE, DATA OR PROFITS; OR BUSINESS
                                 
    29                           ; INTERRUPTION) HOWSOEVER CAUSED AND ON ANY THEORY OF LIABILITY, WHETHER IN CONTRACT, ST
                                 RICT
    30                           ; LIABILITY, OR TORT (INCLUDING NEGLIGENCE OR OTHERWISE) ARISING IN ANY WAY OUT OF THE U
                                 SE OF
    31                           ; THIS SOFTWARE, EVEN IF ADVISED OF THE POSSIBILITY OF SUCH DAMAGE.
    32                           ; 
    33                           
    34                           
    35                           ; 
    36                           ; Code-generator required, PIC16F887 Definitions
    37                           ; 
    38  0004                     fsr0 equ 04h
    39  0004                     indf equ 00h
    40  0000                     indf0 equ 00h
    41  0000                     pc equ 02h
    42  0002                     pcl equ 02h
    43  0002                     pclath equ 0Ah
    44  000A                     status equ 03h
    45  0003                     
     2                           opt pagewidth 120
     3  0000                     byte0	macro	val
     4                           	(getbyte(val,0))
     5                           endm
     6  0000                     byte1	macro	val
     7                           	(getbyte(val,1))
     8                           endm
     9  0000                     byte2	macro	val
    10                           	(getbyte(val,2))
    11                           endm
    12  0000                     byte3	macro	val
    13                           	(getbyte(val,3))
    14                           endm
    15  0000                     byte4	macro	val
    16                           	(getbyte(val,4))
    17                           endm
    18  0000                     byte5	macro	val
    19                           	(getbyte(val,5))
    20                           endm
    21  0000                     byte6	macro	val
    22                           	(getbyte(val,6))
    23                           endm
    24  0000                     byte7	macro	val
    25                           	(getbyte(val,7))
    26                           endm
    27  0000                     getword	macro	val,pos
    28                           	(((val) >> (8 * pos)) and 0xffff)
    29                           endm
    30  0000                     word0	macro	val
    31                           	(getword(val,0))
    32                           endm
    33  0000                     word1	macro	val
    34                           	(getword(val,2))
    35                           endm
    36  0000                     word2	macro	val
    37                           	(getword(val,4))
    38                           endm
    39  0000                     word3	macro	val
    40                           	(getword(val,6))
    41                           endm
    42  0000                     gettword	macro	val,pos
    43                           	(((val) >> (8 * pos)) and 0xffffff)
    44                           endm
    45  0000                     tword0	macro	val
    46                           	(gettword(val,0))
    47                           endm
    48  0000                     tword1	macro	val
    49                           	(gettword(val,3))
    50                           endm
    51  0000                     tword2	macro	val
    52                           	(gettword(val,6))
    53                           endm
    54  0000                     getdword	macro	val,pos
    55                           	(((val) >> (8 * pos)) and 0xffffffff)
    56                           endm
    57  0000                     dword0	macro	val
    58                           	(getdword(val,0))
    59                           endm
    60  0000                     dword1	macro	val
    61                           	(getdword(val,4))
    62                           endm
    63  0000                     clrc	macro
    64                           	bcf	3,0
    65                           	endm
    66  0000                     clrz	macro
    67                           	bcf	3,2
    68                           	endm
    69  0000                     setc	macro
    70                           	bsf	3,0
    71                           	endm
    72  0000                     setz	macro
    73                           	bsf	3,2
    74                           	endm
    75  0000                     skipc	macro
    76                           	btfss	3,0
    77                           	endm
    78  0000                     skipz	macro
    79                           	btfss	3,2
    80                           	endm
    81  0000                     skipnc	macro
    82                           	btfsc	3,0
    83                           	endm
    84  0000                     skipnz	macro
    85                           	btfsc	3,2
    86                           	endm
    87  0000                     # 54 "C:\Program Files (x86)\Microchip\xc8\v2.00\pic\include\pic16f887.h"
    88                           INDF equ 00h ;# 
    89  0000                     # 61 "C:\Program Files (x86)\Microchip\xc8\v2.00\pic\include\pic16f887.h"
    90                           TMR0 equ 01h ;# 
    91  0001                     # 68 "C:\Program Files (x86)\Microchip\xc8\v2.00\pic\include\pic16f887.h"
    92                           PCL equ 02h ;# 
    93  0002                     # 75 "C:\Program Files (x86)\Microchip\xc8\v2.00\pic\include\pic16f887.h"
    94                           STATUS equ 03h ;# 
    95  0003                     # 161 "C:\Program Files (x86)\Microchip\xc8\v2.00\pic\include\pic16f887.h"
    96                           FSR equ 04h ;# 
    97  0004                     # 168 "C:\Program Files (x86)\Microchip\xc8\v2.00\pic\include\pic16f887.h"
    98                           PORTA equ 05h ;# 
    99  0005                     # 230 "C:\Program Files (x86)\Microchip\xc8\v2.00\pic\include\pic16f887.h"
   100                           PORTB equ 06h ;# 
   101  0006                     # 292 "C:\Program Files (x86)\Microchip\xc8\v2.00\pic\include\pic16f887.h"
   102                           PORTC equ 07h ;# 
   103  0007                     # 354 "C:\Program Files (x86)\Microchip\xc8\v2.00\pic\include\pic16f887.h"
   104                           PORTD equ 08h ;# 
   105  0008                     # 416 "C:\Program Files (x86)\Microchip\xc8\v2.00\pic\include\pic16f887.h"
   106                           PORTE equ 09h ;# 
   107  0009                     # 454 "C:\Program Files (x86)\Microchip\xc8\v2.00\pic\include\pic16f887.h"
   108                           PCLATH equ 0Ah ;# 
   109  000A                     # 461 "C:\Program Files (x86)\Microchip\xc8\v2.00\pic\include\pic16f887.h"
   110                           INTCON equ 0Bh ;# 
   111  000B                     # 539 "C:\Program Files (x86)\Microchip\xc8\v2.00\pic\include\pic16f887.h"
   112                           PIR1 equ 0Ch ;# 
   113  000C                     # 595 "C:\Program Files (x86)\Microchip\xc8\v2.00\pic\include\pic16f887.h"
   114                           PIR2 equ 0Dh ;# 
   115  000D                     # 652 "C:\Program Files (x86)\Microchip\xc8\v2.00\pic\include\pic16f887.h"
   116                           TMR1 equ 0Eh ;# 
   117  000E                     # 659 "C:\Program Files (x86)\Microchip\xc8\v2.00\pic\include\pic16f887.h"
   118                           TMR1L equ 0Eh ;# 
   119  000E                     # 666 "C:\Program Files (x86)\Microchip\xc8\v2.00\pic\include\pic16f887.h"
   120                           TMR1H equ 0Fh ;# 
   121  000F                     # 673 "C:\Program Files (x86)\Microchip\xc8\v2.00\pic\include\pic16f887.h"
   122                           T1CON equ 010h ;# 
   123  0010                     # 767 "C:\Program Files (x86)\Microchip\xc8\v2.00\pic\include\pic16f887.h"
   124                           TMR2 equ 011h ;# 
   125  0011                     # 774 "C:\Program Files (x86)\Microchip\xc8\v2.00\pic\include\pic16f887.h"
   126                           T2CON equ 012h ;# 
   127  0012                     # 845 "C:\Program Files (x86)\Microchip\xc8\v2.00\pic\include\pic16f887.h"
   128                           SSPBUF equ 013h ;# 
   129  0013                     # 852 "C:\Program Files (x86)\Microchip\xc8\v2.00\pic\include\pic16f887.h"
   130                           SSPCON equ 014h ;# 
   131  0014                     # 922 "C:\Program Files (x86)\Microchip\xc8\v2.00\pic\include\pic16f887.h"
   132                           CCPR1 equ 015h ;# 
   133  0015                     # 929 "C:\Program Files (x86)\Microchip\xc8\v2.00\pic\include\pic16f887.h"
   134                           CCPR1L equ 015h ;# 
   135  0015                     # 936 "C:\Program Files (x86)\Microchip\xc8\v2.00\pic\include\pic16f887.h"
   136                           CCPR1H equ 016h ;# 
   137  0016                     # 943 "C:\Program Files (x86)\Microchip\xc8\v2.00\pic\include\pic16f887.h"
   138                           CCP1CON equ 017h ;# 
   139  0017                     # 1040 "C:\Program Files (x86)\Microchip\xc8\v2.00\pic\include\pic16f887.h"
   140                           RCSTA equ 018h ;# 
   141  0018                     # 1135 "C:\Program Files (x86)\Microchip\xc8\v2.00\pic\include\pic16f887.h"
   142                           TXREG equ 019h ;# 
   143  0019                     # 1142 "C:\Program Files (x86)\Microchip\xc8\v2.00\pic\include\pic16f887.h"
   144                           RCREG equ 01Ah ;# 
   145  001A                     # 1149 "C:\Program Files (x86)\Microchip\xc8\v2.00\pic\include\pic16f887.h"
   146                           CCPR2 equ 01Bh ;# 
   147  001B                     # 1156 "C:\Program Files (x86)\Microchip\xc8\v2.00\pic\include\pic16f887.h"
   148                           CCPR2L equ 01Bh ;# 
   149  001B                     # 1163 "C:\Program Files (x86)\Microchip\xc8\v2.00\pic\include\pic16f887.h"
   150                           CCPR2H equ 01Ch ;# 
   151  001C                     # 1170 "C:\Program Files (x86)\Microchip\xc8\v2.00\pic\include\pic16f887.h"
   152                           CCP2CON equ 01Dh ;# 
   153  001D                     # 1240 "C:\Program Files (x86)\Microchip\xc8\v2.00\pic\include\pic16f887.h"
   154                           ADRESH equ 01Eh ;# 
   155  001E                     # 1247 "C:\Program Files (x86)\Microchip\xc8\v2.00\pic\include\pic16f887.h"
   156                           ADCON0 equ 01Fh ;# 
   157  001F                     # 1348 "C:\Program Files (x86)\Microchip\xc8\v2.00\pic\include\pic16f887.h"
   158                           OPTION_REG equ 081h ;# 
   159  0081                     # 1418 "C:\Program Files (x86)\Microchip\xc8\v2.00\pic\include\pic16f887.h"
   160                           TRISA equ 085h ;# 
   161  0085                     # 1480 "C:\Program Files (x86)\Microchip\xc8\v2.00\pic\include\pic16f887.h"
   162                           TRISB equ 086h ;# 
   163  0086                     # 1542 "C:\Program Files (x86)\Microchip\xc8\v2.00\pic\include\pic16f887.h"
   164                           TRISC equ 087h ;# 
   165  0087                     # 1604 "C:\Program Files (x86)\Microchip\xc8\v2.00\pic\include\pic16f887.h"
   166                           TRISD equ 088h ;# 
   167  0088                     # 1666 "C:\Program Files (x86)\Microchip\xc8\v2.00\pic\include\pic16f887.h"
   168                           TRISE equ 089h ;# 
   169  0089                     # 1704 "C:\Program Files (x86)\Microchip\xc8\v2.00\pic\include\pic16f887.h"
   170                           PIE1 equ 08Ch ;# 
   171  008C                     # 1760 "C:\Program Files (x86)\Microchip\xc8\v2.00\pic\include\pic16f887.h"
   172                           PIE2 equ 08Dh ;# 
   173  008D                     # 1817 "C:\Program Files (x86)\Microchip\xc8\v2.00\pic\include\pic16f887.h"
   174                           PCON equ 08Eh ;# 
   175  008E                     # 1864 "C:\Program Files (x86)\Microchip\xc8\v2.00\pic\include\pic16f887.h"
   176                           OSCCON equ 08Fh ;# 
   177  008F                     # 1929 "C:\Program Files (x86)\Microchip\xc8\v2.00\pic\include\pic16f887.h"
   178                           OSCTUNE equ 090h ;# 
   179  0090                     # 1981 "C:\Program Files (x86)\Microchip\xc8\v2.00\pic\include\pic16f887.h"
   180                           SSPCON2 equ 091h ;# 
   181  0091                     # 2043 "C:\Program Files (x86)\Microchip\xc8\v2.00\pic\include\pic16f887.h"
   182                           PR2 equ 092h ;# 
   183  0092                     # 2050 "C:\Program Files (x86)\Microchip\xc8\v2.00\pic\include\pic16f887.h"
   184                           SSPADD equ 093h ;# 
   185  0093                     # 2057 "C:\Program Files (x86)\Microchip\xc8\v2.00\pic\include\pic16f887.h"
   186                           SSPMSK equ 093h ;# 
   187  0093                     # 2062 "C:\Program Files (x86)\Microchip\xc8\v2.00\pic\include\pic16f887.h"
   188                           MSK equ 093h ;# 
   189  0093                     # 2179 "C:\Program Files (x86)\Microchip\xc8\v2.00\pic\include\pic16f887.h"
   190                           SSPSTAT equ 094h ;# 
   191  0094                     # 2348 "C:\Program Files (x86)\Microchip\xc8\v2.00\pic\include\pic16f887.h"
   192                           WPUB equ 095h ;# 
   193  0095                     # 2418 "C:\Program Files (x86)\Microchip\xc8\v2.00\pic\include\pic16f887.h"
   194                           IOCB equ 096h ;# 
   195  0096                     # 2488 "C:\Program Files (x86)\Microchip\xc8\v2.00\pic\include\pic16f887.h"
   196                           VRCON equ 097h ;# 
   197  0097                     # 2558 "C:\Program Files (x86)\Microchip\xc8\v2.00\pic\include\pic16f887.h"
   198                           TXSTA equ 098h ;# 
   199  0098                     # 2644 "C:\Program Files (x86)\Microchip\xc8\v2.00\pic\include\pic16f887.h"
   200                           SPBRG equ 099h ;# 
   201  0099                     # 2706 "C:\Program Files (x86)\Microchip\xc8\v2.00\pic\include\pic16f887.h"
   202                           SPBRGH equ 09Ah ;# 
   203  009A                     # 2776 "C:\Program Files (x86)\Microchip\xc8\v2.00\pic\include\pic16f887.h"
   204                           PWM1CON equ 09Bh ;# 
   205  009B                     # 2846 "C:\Program Files (x86)\Microchip\xc8\v2.00\pic\include\pic16f887.h"
   206                           ECCPAS equ 09Ch ;# 
   207  009C                     # 2928 "C:\Program Files (x86)\Microchip\xc8\v2.00\pic\include\pic16f887.h"
   208                           PSTRCON equ 09Dh ;# 
   209  009D                     # 2972 "C:\Program Files (x86)\Microchip\xc8\v2.00\pic\include\pic16f887.h"
   210                           ADRESL equ 09Eh ;# 
   211  009E                     # 2979 "C:\Program Files (x86)\Microchip\xc8\v2.00\pic\include\pic16f887.h"
   212                           ADCON1 equ 09Fh ;# 
   213  009F                     # 3013 "C:\Program Files (x86)\Microchip\xc8\v2.00\pic\include\pic16f887.h"
   214                           WDTCON equ 0105h ;# 
   215  0105                     # 3066 "C:\Program Files (x86)\Microchip\xc8\v2.00\pic\include\pic16f887.h"
   216                           CM1CON0 equ 0107h ;# 
   217  0107                     # 3131 "C:\Program Files (x86)\Microchip\xc8\v2.00\pic\include\pic16f887.h"
   218                           CM2CON0 equ 0108h ;# 
   219  0108                     # 3196 "C:\Program Files (x86)\Microchip\xc8\v2.00\pic\include\pic16f887.h"
   220                           CM2CON1 equ 0109h ;# 
   221  0109                     # 3247 "C:\Program Files (x86)\Microchip\xc8\v2.00\pic\include\pic16f887.h"
   222                           EEDATA equ 010Ch ;# 
   223  010C                     # 3252 "C:\Program Files (x86)\Microchip\xc8\v2.00\pic\include\pic16f887.h"
   224                           EEDAT equ 010Ch ;# 
   225  010C                     # 3259 "C:\Program Files (x86)\Microchip\xc8\v2.00\pic\include\pic16f887.h"
   226                           EEADR equ 010Dh ;# 
   227  010D                     # 3266 "C:\Program Files (x86)\Microchip\xc8\v2.00\pic\include\pic16f887.h"
   228                           EEDATH equ 010Eh ;# 
   229  010E                     # 3273 "C:\Program Files (x86)\Microchip\xc8\v2.00\pic\include\pic16f887.h"
   230                           EEADRH equ 010Fh ;# 
   231  010F                     # 3280 "C:\Program Files (x86)\Microchip\xc8\v2.00\pic\include\pic16f887.h"
   232                           SRCON equ 0185h ;# 
   233  0185                     # 3337 "C:\Program Files (x86)\Microchip\xc8\v2.00\pic\include\pic16f887.h"
   234                           BAUDCTL equ 0187h ;# 
   235  0187                     # 3389 "C:\Program Files (x86)\Microchip\xc8\v2.00\pic\include\pic16f887.h"
   236                           ANSEL equ 0188h ;# 
   237  0188                     # 3451 "C:\Program Files (x86)\Microchip\xc8\v2.00\pic\include\pic16f887.h"
   238                           ANSELH equ 0189h ;# 
   239  0189                     # 3501 "C:\Program Files (x86)\Microchip\xc8\v2.00\pic\include\pic16f887.h"
   240                           EECON1 equ 018Ch ;# 
   241  018C                     # 3546 "C:\Program Files (x86)\Microchip\xc8\v2.00\pic\include\pic16f887.h"
   242                           EECON2 equ 018Dh ;# 
   243  018D                     # 54 "C:\Program Files (x86)\Microchip\xc8\v2.00\pic\include\pic16f887.h"
   244                           INDF equ 00h ;# 
   245  0000                     # 61 "C:\Program Files (x86)\Microchip\xc8\v2.00\pic\include\pic16f887.h"
   246                           TMR0 equ 01h ;# 
   247  0001                     # 68 "C:\Program Files (x86)\Microchip\xc8\v2.00\pic\include\pic16f887.h"
   248                           PCL equ 02h ;# 
   249  0002                     # 75 "C:\Program Files (x86)\Microchip\xc8\v2.00\pic\include\pic16f887.h"
   250                           STATUS equ 03h ;# 
   251  0003                     # 161 "C:\Program Files (x86)\Microchip\xc8\v2.00\pic\include\pic16f887.h"
   252                           FSR equ 04h ;# 
   253  0004                     # 168 "C:\Program Files (x86)\Microchip\xc8\v2.00\pic\include\pic16f887.h"
   254                           PORTA equ 05h ;# 
   255  0005                     # 230 "C:\Program Files (x86)\Microchip\xc8\v2.00\pic\include\pic16f887.h"
   256                           PORTB equ 06h ;# 
   257  0006                     # 292 "C:\Program Files (x86)\Microchip\xc8\v2.00\pic\include\pic16f887.h"
   258                           PORTC equ 07h ;# 
   259  0007                     # 354 "C:\Program Files (x86)\Microchip\xc8\v2.00\pic\include\pic16f887.h"
   260                           PORTD equ 08h ;# 
   261  0008                     # 416 "C:\Program Files (x86)\Microchip\xc8\v2.00\pic\include\pic16f887.h"
   262                           PORTE equ 09h ;# 
   263  0009                     # 454 "C:\Program Files (x86)\Microchip\xc8\v2.00\pic\include\pic16f887.h"
   264                           PCLATH equ 0Ah ;# 
   265  000A                     # 461 "C:\Program Files (x86)\Microchip\xc8\v2.00\pic\include\pic16f887.h"
   266                           INTCON equ 0Bh ;# 
   267  000B                     # 539 "C:\Program Files (x86)\Microchip\xc8\v2.00\pic\include\pic16f887.h"
   268                           PIR1 equ 0Ch ;# 
   269  000C                     # 595 "C:\Program Files (x86)\Microchip\xc8\v2.00\pic\include\pic16f887.h"
   270                           PIR2 equ 0Dh ;# 
   271  000D                     # 652 "C:\Program Files (x86)\Microchip\xc8\v2.00\pic\include\pic16f887.h"
   272                           TMR1 equ 0Eh ;# 
   273  000E                     # 659 "C:\Program Files (x86)\Microchip\xc8\v2.00\pic\include\pic16f887.h"
   274                           TMR1L equ 0Eh ;# 
   275  000E                     # 666 "C:\Program Files (x86)\Microchip\xc8\v2.00\pic\include\pic16f887.h"
   276                           TMR1H equ 0Fh ;# 
   277  000F                     # 673 "C:\Program Files (x86)\Microchip\xc8\v2.00\pic\include\pic16f887.h"
   278                           T1CON equ 010h ;# 
   279  0010                     # 767 "C:\Program Files (x86)\Microchip\xc8\v2.00\pic\include\pic16f887.h"
   280                           TMR2 equ 011h ;# 
   281  0011                     # 774 "C:\Program Files (x86)\Microchip\xc8\v2.00\pic\include\pic16f887.h"
   282                           T2CON equ 012h ;# 
   283  0012                     # 845 "C:\Program Files (x86)\Microchip\xc8\v2.00\pic\include\pic16f887.h"
   284                           SSPBUF equ 013h ;# 
   285  0013                     # 852 "C:\Program Files (x86)\Microchip\xc8\v2.00\pic\include\pic16f887.h"
   286                           SSPCON equ 014h ;# 
   287  0014                     # 922 "C:\Program Files (x86)\Microchip\xc8\v2.00\pic\include\pic16f887.h"
   288                           CCPR1 equ 015h ;# 
   289  0015                     # 929 "C:\Program Files (x86)\Microchip\xc8\v2.00\pic\include\pic16f887.h"
   290                           CCPR1L equ 015h ;# 
   291  0015                     # 936 "C:\Program Files (x86)\Microchip\xc8\v2.00\pic\include\pic16f887.h"
   292                           CCPR1H equ 016h ;# 
   293  0016                     # 943 "C:\Program Files (x86)\Microchip\xc8\v2.00\pic\include\pic16f887.h"
   294                           CCP1CON equ 017h ;# 
   295  0017                     # 1040 "C:\Program Files (x86)\Microchip\xc8\v2.00\pic\include\pic16f887.h"
   296                           RCSTA equ 018h ;# 
   297  0018                     # 1135 "C:\Program Files (x86)\Microchip\xc8\v2.00\pic\include\pic16f887.h"
   298                           TXREG equ 019h ;# 
   299  0019                     # 1142 "C:\Program Files (x86)\Microchip\xc8\v2.00\pic\include\pic16f887.h"
   300                           RCREG equ 01Ah ;# 
   301  001A                     # 1149 "C:\Program Files (x86)\Microchip\xc8\v2.00\pic\include\pic16f887.h"
   302                           CCPR2 equ 01Bh ;# 
   303  001B                     # 1156 "C:\Program Files (x86)\Microchip\xc8\v2.00\pic\include\pic16f887.h"
   304                           CCPR2L equ 01Bh ;# 
   305  001B                     # 1163 "C:\Program Files (x86)\Microchip\xc8\v2.00\pic\include\pic16f887.h"
   306                           CCPR2H equ 01Ch ;# 
   307  001C                     # 1170 "C:\Program Files (x86)\Microchip\xc8\v2.00\pic\include\pic16f887.h"
   308                           CCP2CON equ 01Dh ;# 
   309  001D                     # 1240 "C:\Program Files (x86)\Microchip\xc8\v2.00\pic\include\pic16f887.h"
   310                           ADRESH equ 01Eh ;# 
   311  001E                     # 1247 "C:\Program Files (x86)\Microchip\xc8\v2.00\pic\include\pic16f887.h"
   312                           ADCON0 equ 01Fh ;# 
   313  001F                     # 1348 "C:\Program Files (x86)\Microchip\xc8\v2.00\pic\include\pic16f887.h"
   314                           OPTION_REG equ 081h ;# 
   315  0081                     # 1418 "C:\Program Files (x86)\Microchip\xc8\v2.00\pic\include\pic16f887.h"
   316                           TRISA equ 085h ;# 
   317  0085                     # 1480 "C:\Program Files (x86)\Microchip\xc8\v2.00\pic\include\pic16f887.h"
   318                           TRISB equ 086h ;# 
   319  0086                     # 1542 "C:\Program Files (x86)\Microchip\xc8\v2.00\pic\include\pic16f887.h"
   320                           TRISC equ 087h ;# 
   321  0087                     # 1604 "C:\Program Files (x86)\Microchip\xc8\v2.00\pic\include\pic16f887.h"
   322                           TRISD equ 088h ;# 
   323  0088                     # 1666 "C:\Program Files (x86)\Microchip\xc8\v2.00\pic\include\pic16f887.h"
   324                           TRISE equ 089h ;# 
   325  0089                     # 1704 "C:\Program Files (x86)\Microchip\xc8\v2.00\pic\include\pic16f887.h"
   326                           PIE1 equ 08Ch ;# 
   327  008C                     # 1760 "C:\Program Files (x86)\Microchip\xc8\v2.00\pic\include\pic16f887.h"
   328                           PIE2 equ 08Dh ;# 
   329  008D                     # 1817 "C:\Program Files (x86)\Microchip\xc8\v2.00\pic\include\pic16f887.h"
   330                           PCON equ 08Eh ;# 
   331  008E                     # 1864 "C:\Program Files (x86)\Microchip\xc8\v2.00\pic\include\pic16f887.h"
   332                           OSCCON equ 08Fh ;# 
   333  008F                     # 1929 "C:\Program Files (x86)\Microchip\xc8\v2.00\pic\include\pic16f887.h"
   334                           OSCTUNE equ 090h ;# 
   335  0090                     # 1981 "C:\Program Files (x86)\Microchip\xc8\v2.00\pic\include\pic16f887.h"
   336                           SSPCON2 equ 091h ;# 
   337  0091                     # 2043 "C:\Program Files (x86)\Microchip\xc8\v2.00\pic\include\pic16f887.h"
   338                           PR2 equ 092h ;# 
   339  0092                     # 2050 "C:\Program Files (x86)\Microchip\xc8\v2.00\pic\include\pic16f887.h"
   340                           SSPADD equ 093h ;# 
   341  0093                     # 2057 "C:\Program Files (x86)\Microchip\xc8\v2.00\pic\include\pic16f887.h"
   342                           SSPMSK equ 093h ;# 
   343  0093                     # 2062 "C:\Program Files (x86)\Microchip\xc8\v2.00\pic\include\pic16f887.h"
   344                           MSK equ 093h ;# 
   345  0093                     # 2179 "C:\Program Files (x86)\Microchip\xc8\v2.00\pic\include\pic16f887.h"
   346                           SSPSTAT equ 094h ;# 
   347  0094                     # 2348 "C:\Program Files (x86)\Microchip\xc8\v2.00\pic\include\pic16f887.h"
   348                           WPUB equ 095h ;# 
   349  0095                     # 2418 "C:\Program Files (x86)\Microchip\xc8\v2.00\pic\include\pic16f887.h"
   350                           IOCB equ 096h ;# 
   351  0096                     # 2488 "C:\Program Files (x86)\Microchip\xc8\v2.00\pic\include\pic16f887.h"
   352                           VRCON equ 097h ;# 
   353  0097                     # 2558 "C:\Program Files (x86)\Microchip\xc8\v2.00\pic\include\pic16f887.h"
   354                           TXSTA equ 098h ;# 
   355  0098                     # 2644 "C:\Program Files (x86)\Microchip\xc8\v2.00\pic\include\pic16f887.h"
   356                           SPBRG equ 099h ;# 
   357  0099                     # 2706 "C:\Program Files (x86)\Microchip\xc8\v2.00\pic\include\pic16f887.h"
   358                           SPBRGH equ 09Ah ;# 
   359  009A                     # 2776 "C:\Program Files (x86)\Microchip\xc8\v2.00\pic\include\pic16f887.h"
   360                           PWM1CON equ 09Bh ;# 
   361  009B                     # 2846 "C:\Program Files (x86)\Microchip\xc8\v2.00\pic\include\pic16f887.h"
   362                           ECCPAS equ 09Ch ;# 
   363  009C                     # 2928 "C:\Program Files (x86)\Microchip\xc8\v2.00\pic\include\pic16f887.h"
   364                           PSTRCON equ 09Dh ;# 
   365  009D                     # 2972 "C:\Program Files (x86)\Microchip\xc8\v2.00\pic\include\pic16f887.h"
   366                           ADRESL equ 09Eh ;# 
   367  009E                     # 2979 "C:\Program Files (x86)\Microchip\xc8\v2.00\pic\include\pic16f887.h"
   368                           ADCON1 equ 09Fh ;# 
   369  009F                     # 3013 "C:\Program Files (x86)\Microchip\xc8\v2.00\pic\include\pic16f887.h"
   370                           WDTCON equ 0105h ;# 
   371  0105                     # 3066 "C:\Program Files (x86)\Microchip\xc8\v2.00\pic\include\pic16f887.h"
   372                           CM1CON0 equ 0107h ;# 
   373  0107                     # 3131 "C:\Program Files (x86)\Microchip\xc8\v2.00\pic\include\pic16f887.h"
   374                           CM2CON0 equ 0108h ;# 
   375  0108                     # 3196 "C:\Program Files (x86)\Microchip\xc8\v2.00\pic\include\pic16f887.h"
   376                           CM2CON1 equ 0109h ;# 
   377  0109                     # 3247 "C:\Program Files (x86)\Microchip\xc8\v2.00\pic\include\pic16f887.h"
   378                           EEDATA equ 010Ch ;# 
   379  010C                     # 3252 "C:\Program Files (x86)\Microchip\xc8\v2.00\pic\include\pic16f887.h"
   380                           EEDAT equ 010Ch ;# 
   381  010C                     # 3259 "C:\Program Files (x86)\Microchip\xc8\v2.00\pic\include\pic16f887.h"
   382                           EEADR equ 010Dh ;# 
   383  010D                     # 3266 "C:\Program Files (x86)\Microchip\xc8\v2.00\pic\include\pic16f887.h"
   384                           EEDATH equ 010Eh ;# 
   385  010E                     # 3273 "C:\Program Files (x86)\Microchip\xc8\v2.00\pic\include\pic16f887.h"
   386                           EEADRH equ 010Fh ;# 
   387  010F                     # 3280 "C:\Program Files (x86)\Microchip\xc8\v2.00\pic\include\pic16f887.h"
   388                           SRCON equ 0185h ;# 
   389  0185                     # 3337 "C:\Program Files (x86)\Microchip\xc8\v2.00\pic\include\pic16f887.h"
   390                           BAUDCTL equ 0187h ;# 
   391  0187                     # 3389 "C:\Program Files (x86)\Microchip\xc8\v2.00\pic\include\pic16f887.h"
   392                           ANSEL equ 0188h ;# 
   393  0188                     # 3451 "C:\Program Files (x86)\Microchip\xc8\v2.00\pic\include\pic16f887.h"
   394                           ANSELH equ 0189h ;# 
   395  0189                     # 3501 "C:\Program Files (x86)\Microchip\xc8\v2.00\pic\include\pic16f887.h"
   396                           EECON1 equ 018Ch ;# 
   397  018C                     # 3546 "C:\Program Files (x86)\Microchip\xc8\v2.00\pic\include\pic16f887.h"
   398                           EECON2 equ 018Dh ;# 
   399  018D                     	FNROOT	_main
   400                           	global	_PORTDbits
   401                           _PORTDbits	set	0x8
   402  0008                     	global	_TRISDbits
   403                           _TRISDbits	set	0x88
   404  0088                     ; #config settings
   405                           global __CFG_FOSC$INTRC_NOCLKOUT
   406                           __CFG_FOSC$INTRC_NOCLKOUT equ 0x0
   407  0000                     global __CFG_WDTE$OFF
   408                           __CFG_WDTE$OFF equ 0x0
   409  0000                     global __CFG_MCLRE$OFF
   410                           __CFG_MCLRE$OFF equ 0x0
   411  0000                     global __CFG_LVP$OFF
   412                           __CFG_LVP$OFF equ 0x0
   413  0000                     	file	"C:\Users\19180051\AppData\Local\Temp\s75s."
   414                           	line	#
   415                           psect cinit,class=CODE,delta=2
   416                           global start_initialization
   417                           start_initialization:
   418  07FC                     
   419                           global __initialization
   420                           __initialization:
   421  07FC                     psect cinit,class=CODE,delta=2,merge=1
   422                           global end_of_initialization,__end_of__initialization
   423                           
   424                           ;End of C runtime variable initialization code
   425                           
   426                           end_of_initialization:
   427  07FC                     __end_of__initialization:
   428  07FC                     clrf status
   429  07FC  0183               ljmp _main	;jump to C main() function
   430  07FD  120A  118A  2F98   psect	cstackCOMMON,class=COMMON,space=1,noexec
   431                           global __pcstackCOMMON
   432                           __pcstackCOMMON:
   433  0070                     ?_main:	; 1 bytes @ 0x0
   434  0070                     ??_main:	; 1 bytes @ 0x0
   435  0070                     	ds	3
   436  0070                     ;!
   437                           ;!Data Sizes:
   438                           ;!    Strings     0
   439                           ;!    Constant    0
   440                           ;!    Data        0
   441                           ;!    BSS         0
   442                           ;!    Persistent  0
   443                           ;!    Stack       0
   444                           ;!
   445                           ;!Auto Spaces:
   446                           ;!    Space          Size  Autos    Used
   447                           ;!    COMMON           14      3       3
   448                           ;!    BANK0            80      0       0
   449                           ;!    BANK1            80      0       0
   450                           ;!    BANK3            96      0       0
   451                           ;!    BANK2            96      0       0
   452                           
   453                           ;!
   454                           ;!Pointer List with Targets:
   455                           ;!
   456                           ;!    None.
   457                           
   458                           
   459                           ;!
   460                           ;!Critical Paths under _main in COMMON
   461                           ;!
   462                           ;!    None.
   463                           ;!
   464                           ;!Critical Paths under _main in BANK0
   465                           ;!
   466                           ;!    None.
   467                           ;!
   468                           ;!Critical Paths under _main in BANK1
   469                           ;!
   470                           ;!    None.
   471                           ;!
   472                           ;!Critical Paths under _main in BANK3
   473                           ;!
   474                           ;!    None.
   475                           ;!
   476                           ;!Critical Paths under _main in BANK2
   477                           ;!
   478                           ;!    None.
   479                           
   480 ;;
   481 ;;Main: autosize = 0, tempsize = 3, incstack = 0, save=0
   482 ;;
   483                           
   484                           ;!
   485                           ;!Call Graph Tables:
   486                           ;!
   487                           ;! ---------------------------------------------------------------------------------
   488                           ;! (Depth) Function   	        Calls       Base Space   Used Autos Params    Refs
   489                           ;! ---------------------------------------------------------------------------------
   490                           ;! (0) _main                                                 3     3      0       0
   491                           ;!                                              0 COMMON     3     3      0
   492                           ;! ---------------------------------------------------------------------------------
   493                           ;! Estimated maximum stack depth 0
   494                           ;! ---------------------------------------------------------------------------------
   495                           ;!
   496                           ;! Call Graph Graphs:
   497                           ;!
   498                           ;! _main (ROOT)
   499                           ;!
   500                           
   501                           ;! Address spaces:
   502                           
   503                           ;!Name               Size   Autos  Total    Cost      Usage
   504                           ;!BITCOMMON            E      0       0       0        0.0%
   505                           ;!EEDATA             100      0       0       0        0.0%
   506                           ;!NULL                 0      0       0       0        0.0%
   507                           ;!CODE                 0      0       0       0        0.0%
   508                           ;!COMMON               E      3       3       1       21.4%
   509                           ;!BITSFR0              0      0       0       1        0.0%
   510                           ;!SFR0                 0      0       0       1        0.0%
   511                           ;!BITSFR1              0      0       0       2        0.0%
   512                           ;!SFR1                 0      0       0       2        0.0%
   513                           ;!STACK                0      0       0       2        0.0%
   514                           ;!ABS                  0      0       0       3        0.0%
   515                           ;!BITBANK0            50      0       0       4        0.0%
   516                           ;!BITSFR3              0      0       0       4        0.0%
   517                           ;!SFR3                 0      0       0       4        0.0%
   518                           ;!BANK0               50      0       0       5        0.0%
   519                           ;!BITSFR2              0      0       0       5        0.0%
   520                           ;!SFR2                 0      0       0       5        0.0%
   521                           ;!BITBANK1            50      0       0       6        0.0%
   522                           ;!BANK1               50      0       0       7        0.0%
   523                           ;!BITBANK3            60      0       0       8        0.0%
   524                           ;!BANK3               60      0       0       9        0.0%
   525                           ;!BITBANK2            60      0       0      10        0.0%
   526                           ;!BANK2               60      0       0      11        0.0%
   527                           ;!DATA                 0      0       0      12        0.0%
   528                           
   529                           	global	_main
   530                           
   531 ;; *************** function _main *****************
   532 ;; Defined at:
   533 ;;		line 24 in file "main.c"
   534 ;; Parameters:    Size  Location     Type
   535 ;;		None
   536 ;; Auto vars:     Size  Location     Type
   537 ;;		None
   538 ;; Return value:  Size  Location     Type
   539 ;;                  1    wreg      void 
   540 ;; Registers used:
   541 ;;		wreg, status,0
   542 ;; Tracked objects:
   543 ;;		On entry : B00/0
   544 ;;		On exit  : 0/0
   545 ;;		Unchanged: 0/0
   546 ;; Data sizes:     COMMON   BANK0   BANK1   BANK3   BANK2
   547 ;;      Params:         0       0       0       0       0
   548 ;;      Locals:         0       0       0       0       0
   549 ;;      Temps:          3       0       0       0       0
   550 ;;      Totals:         3       0       0       0       0
   551 ;;Total ram usage:        3 bytes
   552 ;; This function calls:
   553 ;;		Nothing
   554 ;; This function is called by:
   555 ;;		Startup code after reset
   556 ;; This function uses a non-reentrant model
   557 ;;
   558                           psect	maintext,global,class=CODE,delta=2,split=1,group=0
   559                           	file	"main.c"
   560                           	line	24
   561                           global __pmaintext
   562                           __pmaintext:	;psect for function _main
   563  0798                     psect	maintext
   564                           	file	"main.c"
   565                           	line	24
   566                           	global	__size_of_main
   567                           	__size_of_main	equ	__end_of_main-_main
   568  0064                     	
   569                           _main:	
   570  0798                     ;incstack = 0
   571                           	opt	stack 8
   572                           ; Regs used in _main: [wreg+status,0]
   573                           	line	26
   574                           	
   575                           l593:	
   576  0798                     ;main.c: 26:     PORTDbits.RD0 = 0;
   577                           	bcf	status, 5	;RP0=0, select bank0
   578  0798  1283               	bcf	status, 6	;RP1=0, select bank0
   579  0799  1303               	bcf	(8),0	;volatile
   580  079A  1008               	line	27
   581                           ;main.c: 27:     PORTDbits.RD1 = 1;
   582                           	bsf	(8),1	;volatile
   583  079B  1488               	line	28
   584                           ;main.c: 28:     TRISDbits.TRISD0 = 0;
   585                           	bsf	status, 5	;RP0=1, select bank1
   586  079C  1683               	bcf	status, 6	;RP1=0, select bank1
   587  079D  1303               	bcf	(136)^080h,0	;volatile
   588  079E  1008               	line	29
   589                           ;main.c: 29:     TRISDbits.TRISD1 = 0;
   590                           	bcf	(136)^080h,1	;volatile
   591  079F  1088               	line	30
   592                           ;main.c: 30:     TRISDbits.TRISD3 = 1;
   593                           	bsf	(136)^080h,3	;volatile
   594  07A0  1588               	line	31
   595                           ;main.c: 31:     TRISDbits.TRISD2 = 1;
   596                           	bsf	(136)^080h,2	;volatile
   597  07A1  1508               	goto	l595
   598  07A2  2FA3               	line	33
   599                           ;main.c: 33:     while( 1 )
   600                           	
   601                           l11:	
   602  07A3                     	line	35
   603                           	
   604                           l595:	
   605  07A3                     ;main.c: 34:     {;main.c: 35:         PORTDbits.RD0 = !PORTDbits.RD0;
   606                           	clrc
   607  07A3  1003               	bcf	status, 5	;RP0=0, select bank0
   608  07A4  1283               	bcf	status, 6	;RP1=0, select bank0
   609  07A5  1303               	btfss	(8),0	;volatile
   610  07A6  1C08               	setc
   611  07A7  1403               	btfsc	status,0
   612  07A8  1803               	goto	u11
   613  07A9  2FAB               	goto	u10
   614  07AA  2FAF               	
   615                           u11:
   616  07AB                     	bcf	status, 5	;RP0=0, select bank0
   617  07AB  1283               	bcf	status, 6	;RP1=0, select bank0
   618  07AC  1303               	bsf	(8),0	;volatile
   619  07AD  1408               	goto	u24
   620  07AE  2FB2               u10:
   621  07AF                     	bcf	status, 5	;RP0=0, select bank0
   622  07AF  1283               	bcf	status, 6	;RP1=0, select bank0
   623  07B0  1303               	bcf	(8),0	;volatile
   624  07B1  1008               u24:
   625  07B2                     	line	36
   626                           ;main.c: 36:         PORTDbits.RD1 = !PORTDbits.RD1;
   627                           	clrc
   628  07B2  1003               	btfss	(8),1	;volatile
   629  07B3  1C88               	setc
   630  07B4  1403               	btfsc	status,0
   631  07B5  1803               	goto	u31
   632  07B6  2FB8               	goto	u30
   633  07B7  2FBC               	
   634                           u31:
   635  07B8                     	bcf	status, 5	;RP0=0, select bank0
   636  07B8  1283               	bcf	status, 6	;RP1=0, select bank0
   637  07B9  1303               	bsf	(8),1	;volatile
   638  07BA  1488               	goto	u44
   639  07BB  2FBF               u30:
   640  07BC                     	bcf	status, 5	;RP0=0, select bank0
   641  07BC  1283               	bcf	status, 6	;RP1=0, select bank0
   642  07BD  1303               	bcf	(8),1	;volatile
   643  07BE  1088               u44:
   644  07BF                     	line	38
   645                           	
   646                           l597:	
   647  07BF                     ;main.c: 38:         if( PORTDbits.RD3 && PORTDbits.RD2 )
   648                           	btfss	(8),3	;volatile
   649  07BF  1D88               	goto	u51
   650  07C0  2FC2               	goto	u50
   651  07C1  2FC3               u51:
   652  07C2                     	goto	l12
   653  07C2  2FD1               u50:
   654  07C3                     	
   655                           l599:	
   656  07C3                     	btfss	(8),2	;volatile
   657  07C3  1D08               	goto	u61
   658  07C4  2FC6               	goto	u60
   659  07C5  2FC7               u61:
   660  07C6                     	goto	l12
   661  07C6  2FD1               u60:
   662  07C7                     	line	39
   663                           	
   664                           l601:	
   665  07C7                     ;main.c: 39:             _delay((unsigned long)((100)*(4000000/4000.0)));
   666                           	opt asmopt_push
   667                           opt asmopt_off
   668                           movlw	130
   669  07C7  3082               movwf	((??_main+0)+0+1),f
   670  07C8  00F1               	movlw	221
   671  07C9  30DD               movwf	((??_main+0)+0),f
   672  07CA  00F0               	u97:
   673  07CB                     decfsz	((??_main+0)+0),f
   674  07CB  0BF0               	goto	u97
   675  07CC  2FCB               	decfsz	((??_main+0)+0+1),f
   676  07CD  0BF1               	goto	u97
   677  07CE  2FCB               	nop2
   678  07CF  2FD0               opt asmopt_pop
   679                           
   680                           	goto	l595
   681  07D0  2FA3               	line	40
   682                           ;main.c: 40:         else
   683                           	
   684                           l12:	
   685  07D1                     	line	42
   686                           ;main.c: 41:         {;main.c: 42:             if( PORTDbits.RD3 || PORTDbits.RD2 )
   687                           	btfsc	(8),3	;volatile
   688  07D1  1988               	goto	u71
   689  07D2  2FD4               	goto	u70
   690  07D3  2FD5               u71:
   691  07D4                     	goto	l605
   692  07D4  2FDA               u70:
   693  07D5                     	
   694                           l603:	
   695  07D5                     	btfss	(8),2	;volatile
   696  07D5  1D08               	goto	u81
   697  07D6  2FD8               	goto	u80
   698  07D7  2FD9               u81:
   699  07D8                     	goto	l607
   700  07D8  2FE8               u80:
   701  07D9                     	goto	l605
   702  07D9  2FDA               	
   703                           l16:	
   704  07DA                     	line	43
   705                           	
   706                           l605:	
   707  07DA                     ;main.c: 43:                 _delay((unsigned long)((250)*(4000000/4000.0)));
   708                           	opt asmopt_push
   709                           opt asmopt_off
   710                           movlw  2
   711  07DA  3002               movwf	((??_main+0)+0+2),f
   712  07DB  00F2               movlw	69
   713  07DC  3045               movwf	((??_main+0)+0+1),f
   714  07DD  00F1               	movlw	169
   715  07DE  30A9               movwf	((??_main+0)+0),f
   716  07DF  00F0               	u107:
   717  07E0                     decfsz	((??_main+0)+0),f
   718  07E0  0BF0               	goto	u107
   719  07E1  2FE0               	decfsz	((??_main+0)+0+1),f
   720  07E2  0BF1               	goto	u107
   721  07E3  2FE0               	decfsz	((??_main+0)+0+2),f
   722  07E4  0BF2               	goto	u107
   723  07E5  2FE0               	nop2
   724  07E6  2FE7               opt asmopt_pop
   725                           
   726                           	goto	l595
   727  07E7  2FA3               	line	44
   728                           ;main.c: 44:             else
   729                           	
   730                           l14:	
   731  07E8                     	line	45
   732                           	
   733                           l607:	
   734  07E8                     ;main.c: 45:                 _delay((unsigned long)((500)*(4000000/4000.0)));
   735                           	opt asmopt_push
   736                           opt asmopt_off
   737                           movlw  3
   738  07E8  3003               movwf	((??_main+0)+0+2),f
   739  07E9  00F2               movlw	138
   740  07EA  308A               movwf	((??_main+0)+0+1),f
   741  07EB  00F1               	movlw	85
   742  07EC  3055               movwf	((??_main+0)+0),f
   743  07ED  00F0               	u117:
   744  07EE                     decfsz	((??_main+0)+0),f
   745  07EE  0BF0               	goto	u117
   746  07EF  2FEE               	decfsz	((??_main+0)+0+1),f
   747  07F0  0BF1               	goto	u117
   748  07F1  2FEE               	decfsz	((??_main+0)+0+2),f
   749  07F2  0BF2               	goto	u117
   750  07F3  2FEE               	nop2
   751  07F4  2FF5               opt asmopt_pop
   752                           
   753                           	goto	l595
   754  07F5  2FA3               	
   755                           l17:	
   756  07F6                     	goto	l595
   757  07F6  2FA3               	line	46
   758                           ;main.c: 46:         }
   759                           	
   760                           l13:	
   761  07F7                     	goto	l595
   762  07F7  2FA3               	line	47
   763                           ;main.c: 47:     }
   764                           	
   765                           l18:	
   766  07F8                     	goto	l595
   767  07F8  2FA3               	
   768                           l19:	
   769  07F9                     	line	49
   770                           ;main.c: 48:     return;
   771                           	
   772                           l20:	
   773  07F9                     	global	start
   774                           	ljmp	start
   775  07F9  120A  118A  2800   	opt stack 0
   776                           GLOBAL	__end_of_main
   777                           	__end_of_main:
   778  07FC                     	signat	_main,89
   779                           global	___latbits
   780                           ___latbits	equ	2
   781  0002                     	global	btemp
   782                           	btemp set 07Eh
   783  007E                     
   784                           	DABS	1,126,2	;btemp
   785                           	global	wtemp0
   786                           	wtemp0 set btemp+0
   787  007E                     	end


Data Sizes:
    Strings     0
    Constant    0
    Data        0
    BSS         0
    Persistent  0
    Stack       0

Auto Spaces:
    Space          Size  Autos    Used
    COMMON           14      3       3
    BANK0            80      0       0
    BANK1            80      0       0
    BANK3            96      0       0
    BANK2            96      0       0

Pointer List with Targets:

    None.

Critical Paths under _main in COMMON

    None.

Critical Paths under _main in BANK0

    None.

Critical Paths under _main in BANK1

    None.

Critical Paths under _main in BANK3

    None.

Critical Paths under _main in BANK2

    None.

Call Graph Tables:

 ---------------------------------------------------------------------------------
 (Depth) Function   	        Calls       Base Space   Used Autos Params    Refs
 ---------------------------------------------------------------------------------
 (0) _main                                                 3     3      0       0
                                              0 COMMON     3     3      0
 ---------------------------------------------------------------------------------
 Estimated maximum stack depth 0
 ---------------------------------------------------------------------------------

 Call Graph Graphs:

 _main (ROOT)

 Address spaces:
Name               Size   Autos  Total    Cost      Usage
BITCOMMON            E      0       0       0        0.0%
EEDATA             100      0       0       0        0.0%
NULL                 0      0       0       0        0.0%
CODE                 0      0       0       0        0.0%
COMMON               E      3       3       1       21.4%
BITSFR0              0      0       0       1        0.0%
SFR0                 0      0       0       1        0.0%
BITSFR1              0      0       0       2        0.0%
SFR1                 0      0       0       2        0.0%
STACK                0      0       0       2        0.0%
ABS                  0      0       0       3        0.0%
BITBANK0            50      0       0       4        0.0%
BITSFR3              0      0       0       4        0.0%
SFR3                 0      0       0       4        0.0%
BANK0               50      0       0       5        0.0%
BITSFR2              0      0       0       5        0.0%
SFR2                 0      0       0       5        0.0%
BITBANK1            50      0       0       6        0.0%
BANK1               50      0       0       7        0.0%
BITBANK3            60      0       0       8        0.0%
BANK3               60      0       0       9        0.0%
BITBANK2            60      0       0      10        0.0%
BANK2               60      0       0      11        0.0%
DATA                 0      0       0      12        0.0%


Microchip Technology PIC Macro Assembler V2.00 build -1524193055 
Symbol Table                                                                                   Thu Mar 12 08:43:49 2020

                      l11 07A3                        l20 07F9                        l12 07D1  
                      l13 07F7                        l14 07E8                        l16 07DA  
                      l17 07F6                        l18 07F8                        l19 07F9  
                      u10 07AF                        u11 07AB                        u30 07BC  
                      u31 07B8                        u24 07B2                        u50 07C3  
                      u51 07C2                        u60 07C7                        u44 07BF  
                      u61 07C6                        u70 07D5                        u71 07D4  
                      u80 07D9                        u81 07D8                        u97 07CB  
                     l601 07C7                       l603 07D5                       l605 07DA  
                     l607 07E8                       l593 0798                       l595 07A3  
                     l597 07BF                       l599 07C3                       u107 07E0  
                     u117 07EE              __CFG_LVP$OFF 0000                      _main 0798  
                    btemp 007E                      start 0000                     ?_main 0070  
           __CFG_WDTE$OFF 0000                     status 0003                     wtemp0 007E  
          __CFG_MCLRE$OFF 0000           __initialization 07FC              __end_of_main 07FC  
                  ??_main 0070   __end_of__initialization 07FC            __pcstackCOMMON 0070  
              __pmaintext 0798      end_of_initialization 07FC                 _PORTDbits 0008  
               _TRISDbits 0088       start_initialization 07FC  __CFG_FOSC$INTRC_NOCLKOUT 0000  
               ___latbits 0002             __size_of_main 0064  
